[      56ms] [LOG] ✅ Auth persistence: LOCAL @ https://www.sasfr.com/?redirect=https%3A%2F%2Ftotal.sasfr.com%2F:334
[     560ms] [VERBOSE] [DOM] Password field is not contained in a form: (More info: https://goo.gl/9p2vKq) %o @ https://listes.sasfr.com/:0
[     600ms] [VERBOSE] [DOM] Password field is not contained in a form: (More info: https://goo.gl/9p2vKq) %o @ https://www.sasfr.com/?redirect=https%3A%2F%2Flistes.sasfr.com%2F:0
[     769ms] [LOG] ✅ Auth persistence: LOCAL @ https://www.sasfr.com/?redirect=https%3A%2F%2Flistes.sasfr.com%2F:334
[     837ms] [VERBOSE] [DOM] Password field is not contained in a form: (More info: https://goo.gl/9p2vKq) %o @ https://listes.sasfr.com/:0
[     868ms] [VERBOSE] [DOM] Password field is not contained in a form: (More info: https://goo.gl/9p2vKq) %o @ https://www.sasfr.com/?redirect=https%3A%2F%2Flistes.sasfr.com%2F:0
[    1007ms] [LOG] ✅ Auth persistence: LOCAL @ https://www.sasfr.com/?redirect=https%3A%2F%2Flistes.sasfr.com%2F:334
[    1195ms] [VERBOSE] [DOM] Password field is not contained in a form: (More info: https://goo.gl/9p2vKq) %o @ https://listes.sasfr.com/:0
[    1227ms] [VERBOSE] [DOM] Password field is not contained in a form: (More info: https://goo.gl/9p2vKq) %o @ https://www.sasfr.com/?redirect=https%3A%2F%2Flistes.sasfr.com%2F:0
[    1390ms] [LOG] ✅ Auth persistence: LOCAL @ https://www.sasfr.com/?redirect=https%3A%2F%2Flistes.sasfr.com%2F:334
[    1572ms] [VERBOSE] [DOM] Password field is not contained in a form: (More info: https://goo.gl/9p2vKq) %o @ https://listes.sasfr.com/:0
[    1611ms] [VERBOSE] [DOM] Password field is not contained in a form: (More info: https://goo.gl/9p2vKq) %o @ https://www.sasfr.com/?redirect=https%3A%2F%2Flistes.sasfr.com%2F:0
[    1748ms] [LOG] ✅ Auth persistence: LOCAL @ https://www.sasfr.com/?redirect=https%3A%2F%2Flistes.sasfr.com%2F:334
[    1828ms] [VERBOSE] [DOM] Password field is not contained in a form: (More info: https://goo.gl/9p2vKq) %o @ https://listes.sasfr.com/:0
[    1871ms] [VERBOSE] [DOM] Password field is not contained in a form: (More info: https://goo.gl/9p2vKq) %o @ https://www.sasfr.com/?redirect=https%3A%2F%2Flistes.sasfr.com%2F:0
[    2015ms] [LOG] ✅ Auth persistence: LOCAL @ https://www.sasfr.com/?redirect=https%3A%2F%2Flistes.sasfr.com%2F:334
[    2215ms] [VERBOSE] [DOM] Password field is not contained in a form: (More info: https://goo.gl/9p2vKq) %o @ https://listes.sasfr.com/:0
[    2251ms] [VERBOSE] [DOM] Password field is not contained in a form: (More info: https://goo.gl/9p2vKq) %o @ https://www.sasfr.com/?redirect=https%3A%2F%2Flistes.sasfr.com%2F:0
[    2398ms] [LOG] ✅ Auth persistence: LOCAL @ https://www.sasfr.com/?redirect=https%3A%2F%2Flistes.sasfr.com%2F:334
[    2461ms] [VERBOSE] [DOM] Password field is not contained in a form: (More info: https://goo.gl/9p2vKq) %o @ https://listes.sasfr.com/:0
[    2500ms] [VERBOSE] [DOM] Password field is not contained in a form: (More info: https://goo.gl/9p2vKq) %o @ https://www.sasfr.com/?redirect=https%3A%2F%2Flistes.sasfr.com%2F:0
[    3925ms] [LOG] ✅ Auth persistence: LOCAL @ https://www.sasfr.com/?redirect=https%3A%2F%2Flistes.sasfr.com%2F:334
[    3983ms] [VERBOSE] [DOM] Password field is not contained in a form: (More info: https://goo.gl/9p2vKq) %o @ https://listes.sasfr.com/:0
[    4011ms] [VERBOSE] [DOM] Password field is not contained in a form: (More info: https://goo.gl/9p2vKq) %o @ https://www.sasfr.com/?redirect=https%3A%2F%2Flistes.sasfr.com%2F:0
[    4148ms] [LOG] ✅ Auth persistence: LOCAL @ https://www.sasfr.com/?redirect=https%3A%2F%2Flistes.sasfr.com%2F:334
[    4224ms] [VERBOSE] [DOM] Password field is not contained in a form: (More info: https://goo.gl/9p2vKq) %o @ https://listes.sasfr.com/:0
[    4262ms] [VERBOSE] [DOM] Password field is not contained in a form: (More info: https://goo.gl/9p2vKq) %o @ https://www.sasfr.com/?redirect=https%3A%2F%2Flistes.sasfr.com%2F:0
